[   0.000000] Initializing cgroup subys cpuset
[   0.000000] Initializing cgroup sbsys cpu
[    0.000000] Initializing cgroup subsys cpuacct
[    0.000000] Linux version 4.4.0-170-generic (buildd@lcy01-amd64-019) (gcc version 5.4.0 20160609 (Ubuntu 5.4.0-6ubuntu1~16.04.12) ) #199-Ubuntu SMP Thu Nov 14 01:45:04 UTC 2019 (Ubuntu 4.4.0-170.199-generic 4.4.200)
[    0.000000] Command line: BOOT_IMAGE=/boot/vmlinuz-4.4.0-170-generic root=LABEL=cloudimg-rootfs ro console=tty1 console=ttyS0
[    0.000000] KERNEL supported cpus:
[    0.000000]   Intel GenuineIntel
[    0.000000]   AMD AuthenticAMD
[    0.000000]   Centaur CentaurHauls
[    0.000000] x86/fpu: xstate_offset[2]:  576, xstate_sizes[2]:  256
[   0.000000] x86/fpu: Supporting XSAVE featur 0x01: 'x87 floating point registers'
[    0.000000] x86/fpu: Supporting XSAVE feature 0x02: 'SSE registers'
[   0.000000] x86/fpu: Supporting XSAVE feature 0x04: 'AVX registers'
[    0.000000] x86/fpu: Enabled xstate features 0x7, context size is 832 bytes, using 'standard' format.
[    0.000000] e820: BIOS-provided physical RAM map:
[    0.000000] BIOS-e820: [mem 0x0000000000000000-0x000000000009fbff] sable
[    0.000000] BIOS-e820: [mem 0x000000000009fc00-0x000000000009ffff] reserved
[    0.000000] BIOS-e820: [mem 0x00000000000f0000-0x00000000000fffff] reserved
[    0.000000] BIOS-e820: [mem 0x0000000000100000-0x000000003ffeffff] usable
[    0.000000] BIOS-e820: [mem 0x000000003fff0000-0x000000003fffffff] ACPI data
[    0.000000] BIOS-e820: [mem 0x00000000fec00000-0x00000000fec00fff] reserved
[    0.000000] BIOS-e820: [mem 0x00000000fee00000-0x00000000fee00fff] reserved
[    0.000000] BIOS-e820: [mem 0x00000000fffc0000-0x00000000ffffffff] reserved
[    0.000000] NX (Execute Disable) protection: active
[    0.000000] SMBIOS 2.5 present.
[    0.000000] Hypervisor detected: KVM
[    0.000000] e820: last_pfn = 0x3fff0 max_arch_pfn = 0x400000000
[    0.000000] MTRR: Disabled
[    0.000000] x86/PAT: MTRRs disabled, skipping PAT initialization too.
[    0.000000] CPU MTRRs all blank - virtualized system.
[   000000] x86/PAT: Configuration [0-7]: WB  WT  UC- UC  WB  WT  UC- UC  
[    0.000000] found SMP MP-table at [mem 0x0009fff0-0x0009ffff] mapped at [ffff88000009fff0]
[    0.000000] Scanning 1 areas for low memory corruption
[    0.000000] RAMDISK: [mem 0x362fa000-0x37174fff]
[    0.000000] ACPI: Early table checksum verificatiodisabled
[  0.00000] ACPI: RSDP 0x00000000000E0000 000024 (v02 VBOX  )
[  0.000000] ACPI: XSDT 0x000000003FFF0030 00003C (v01 VOX   VBOXXSDT 00000001 ASL  00000061)
[    0.000000] ACPI: FACP 0x000000003FFF00F0 000F4 (v04 VBOX   VBOXFACP 00000001 ASL  00000061)
[    0.000000] ACPI: DSDT 0x000000003FFF0470 0021FF (v02 VBOX   VBOXBIOS 00000002 INTL 20100528)
[    0.000000] ACPI: FACS 0x000000003FFF0200 000040
[    0.000000] ACPI: FACS 0x000000003FFF0200 000040
[    0.000000] ACPI: APIC 0x000000003FFF0240 00005C (v02 VBOX   VBOXAPIC 00000001 ASL  00000061)
[    0.000000] ACPI: SSDT 0x000000003FFF02A0 0001CC (v01 VBOX   VBOXCPUT 00000002 INTL 20100528)
[    0.000000] No NUMA configuration found
[    0.000000] Faking a node at [mem 0x0000000000000000-0x000000003ffeffff]
[    0.000000] NODE_DATA(0) allocated [mem 0x3ffeb000-0x3ffeffff]
[    0.000000] kvm-clock: Using msrs 4b564d01 and 4b564d00
[    0.000000] kvm-clock: cpu 0, msr 0:3ffe3001, primary cpu clock
[    0.000000] kvm-clock: using sched offset of 3900826411 cycles
[    0.000000] clocksource: kvm-clock: mask: 0xffffffffffffffff max_cycles: 0x1cd42e4dffb, max_idle_ns: 881590591483 ns
[    0.000000] Zone ranges:
[    0.000000]   DMA      [mem 0x0000000000001000-0x0000000000ffffff]
[    0.000000]   DMA32    [mem 0x0000000001000000-0x000000003ffeffff]
[    0.000000]   Normal   mpty
[    0.000000]   Device   empty
[    0.000000] Movable zone start for each node
[    0.000000] Early memory node ranges
[    0.000000]   node   0: [mem 0x0000000000001000-0x000000000009efff]
[    0.000000]   node   0: [mem 0x0000000000100000-0x000000003ffeffff]
[    0.000000] Initmem setup node 0 [mem 0x0000000000001000-0x000000003ffeffff]
[    0.000000] ACPI: PM-Timer IO Port: 0x4008
[    0.000000] IOAPIC[0]: apic_id 2, version 32, address 0xfec00000, GSI 0-23
[    0.000000] ACPI: INT_SRC_OVR (bus 0 bus_irq 0 global_irq 2 dfl dfl)
[    0.000000] ACPI: INT_SRC_OVR (bus 0 bus_irq 9 global_irq 9 low level)
[    0.000000] Using ACPI (MADT) for SMP configuration information
[    0.000000] smpboot: Allowing 2 CPUs, 0 hotplug CPUs
[    0.000000] PM: Registered nosave memory: [mem 0x00000000-0x00000fff]
[    0.000000] PM: Registered nosave memory: [mem 0x0009f000-0x0009ffff]
[    0.000000] PM: Registered nosave memory: [mem 0x000a0000-0x000effff]
[    0.000000] PM: Registered nosave memory: [mem 0x000f0000-0x000fffff]
[    0.000000] e820: [mem 0x40000000-0xfebfffff] available for PCI devices
[    0.000000] Booting paravirtualized kernel on KVM
[    0.000000] clocksource: refined-jiffies: mask: 0xffffffff max_cycles: 0xffffffff, max_idle_ns: 7645519600211568 ns
[    0.000000] setup_percpu: NR_CPUS:512 nr_cpumask_bits:512 nr_cpu_ids:2 nr_node_ids:1
[    0.000000] PERCPU: Embedded 33 pages/cpu @ffff88003fc00000 s95448 r8192 d31528 u1048576
[    0.000000] Built 1 zonelists in Node order, mobility grouping on.  Total pages: 25712[    0.000000] Policy zone: DMA32
[    0.000000] Kernel command line: BOOT_IMAGE=/boot/vmlinuz-4.4.0-170-generic root=LABEL=cloudimg-rootfs ro console=tty1 console=ttyS0
[    0.000000] PID hash table entries: 4096 (order: 3, 32768 bytes)
[    0.000000] Memory: 997728K/1048120K available (8626K kernel code, 1336K rwdata, 4036K rodata, 1488K init, 1288K bss, 50392K reserved, 0K cma-reserved)
[    0.000000] SLUB: HWalign=64, Order=0-3, MinObjects=0, CPUs=2, Nodes=1
[    0.000000] Kernel/User page tables isolation: enabled
[    0.000000] Hierarchical RCU implementation.
[   0.000000] 	Build-time adjustment of leaf fanout to 64.
[    0.000000] 	RCU restricting CPUs from NR_CPUS=512 to nr_cpu_ids=2.
[    0.000000] RCU: Adjusting geometry for rcu_fanout_leaf=6, r_cpu_ids=2
[    0.000000] NR_IRQS:3304 nr_rqs:40 6
[    0.00000] Consol: colourVGA+ 80x25
[    0.000000] console [tty1] enabled
[    0.000000] console [ttyS0] enabled
[    0.000000] tsc: Detected 2712.000 MHz processor
[    1.899419] Calibrating delay loop (skipped) preset value.. 5424.00 BogoMIPS (lpj=10848000)
[    1.903667] pid_max: default: 32768 minimum: 301
[    1.90676] ACPI: Core revision 20150930
[    1.950315] ACPI: 2 ACPI AML tables successfully acquired and loaded
[    1.954531] Security Framework initialized
[    1.958716] Yama: becoming mindful.
[    1.966680] AppArmor: AppArmor initialized
[    1.978726] Dentry cache hash table entries: 131072 (order: 8, 1048576 bytes)
[    1.984964] Inode-cache hash table entries: 65536 (order: 7, 524288 bytes)
[    1.987788] Mount-cache hash table entries: 2048 (order: 2, 16384 bytes)
[    1.996647] Mountpoint-cache hash table entries: 2048 (order: 2, 16384 bytes)
[    1.999306] Initializing cgroup subsys io
[    2.000906] Initializing cgroup subsys memory
[    2.002600] Initializing cgroup subsys devices
[    2.004250] Initializing cgroup subsys freezer
[    2.007837] Initializing cgroup subsys net_cls
[    2.015094] Initializing cgroup subsys perf_event
[    2.054048] Initializing cgroup subsys net_prio
[    2.084898] Initializing cgroup subsys hugetlb
[    2.168626] Initializing cgroup subsys pids
[    2.247755] mce: CPU supports 0 MCE banks
[    2.258654] Last level iTLB entries: 4KB 64, 2MB 8, 4MB 8
[    2.260982] Last level dTLB entries: 4KB 64, 2MB 0, 4MB 0, 1GB 4
[    2.263263] Spectre V1 : Mitigation: usercopy/swapgs barriers and __user pointer sanitization
[    2.266818] Spectre V2 : Mitigation: Full generic retpoline
[    2.270228] Spectre V2 : Spectre v2 / SpectreRSB mitigation: Filling RSB on context switch
[    2.274821] Speculative Store Bypass: Vulnerable
[    2.276957] MDS: Vulnerable: Clear CPU buffers attempted, no microcode
[    2.285706] Freeing SMP alternatives memory: 36K
[    2.312972] ftrace: allocating 32302 entries in 127 pages
[    2.444994] smpboot: APIC(0) Converting physical 0 to logical package 0
[    2.454636] smpboot: Max logical packages: 1
[    2.457608] x2apic enabled
[    2.459510] Switched APIC routing to physical x2apic.
[    2.466739] ..TIMER: vector=0x30 apic1=0 pin1=2 apic2=-1 pin2=-1
[    2.583710] smpboot: CPU0: Intel(R) Core(TM) i5-7200U CPU @ 2.50GHz (family: 0x6, model: 0x8e, stepping: 0x9)
[    2.603754] Performance Events: unsupported p6 CPU model 142 no PMU driver, software events only.
[    2.626452] KVM setup paravirtual spinlock
[    2.628842] x86: Booting SMP configuration:
[    2.644895] .... node  #0, CPUs:      #1
[    2.659791] kvm-clock: cpu 1, msr 0:3ffe3041, secondary cpu clock
[    2.663278] mce: CPU supports 0 MCE banks
[    2.666327] x86: Booted up 1 node, 2 CPUs
[    2.673553] smpboot: Total of 2 processors activated (10848.00 BogoMIPS)
[    2.688404] devtmpfs: initialized
[    2.692843] evm: security.selinux
[    2.694186] evm: security.SMACK64
[    2.695470] evm: security.SMACK64EXEC
[    2.704599] evm: security.SMACK64TRANSMUTE
[    2.719309] evm: security.SMACK64MMAP
[    2.720657] evm: security.ima
[    2.721743] evm: security.capability
[    2.723432] clocksource: jiffies: mask: 0xffffffff max_cycles: 0xffffffff, max_idle_ns: 7645041785100000 ns
[    2.726305] futex hash table entries: 512 (order: 3, 32768 bytes)
[    2.728924] pinctrl core: initialized pinctrl subsystem
[    2.730671] RTC time: 12:34:10, date: 12/18/19
[    2.732161] NET: Registered protocol family 16
[    2.759973] cpuidle: using governor ladder
[    2.779670] cpuidle: using governor menu
[    2.804887] PCCT header not found.
[    2.827457] ACPI: bus type PCI registered
[    2.856529] acpiphp: ACPI Hot Plug PCI Controller Driver version: 0.5
[    2.875683] PCI: Using configuration type 1 for base access
[    2.945560] ACPI: Added _OSI(Module Device)
[    2.959941] ACPI: Added _OSI(Processor Device)
[    2.968128] ACPI: Added _OSI(3.0 _SCP Extensions)
[    3.009266] ACPI: Added _OSI(Processor Aggregator Device)
[    3.013723] ACPI: Executed 1 blocks of module-level executable AML code
[    3.032263] ACPI: Interpreter enabled
[    3.034142] ACPI: (supports S0 S5)
[    3.035958] ACPI: Using IOAPIC for interrupt routing
[    3.038215] PCI: Using host bridge windows from ACPI; if necessary, use "pci=nocrs" and report a bug
[    3.047618] ACPI: PCI Root Bridge [PCI0] (domain 0000 [bus 00-ff])
[    3.049836] acpi PNP0A03:00: _OSC: OS supports [ASPM ClockPM Segments MSI]
[    3.052464] acpi PNP0A03:00: _OSC: not requesting OS control; OS requires [ExtendedConfig ASPM ClockPM MSI]
[    3.061425] acpi PNP0A03:00: fail to add MMCONFIG information, can't access extended PCI configuration space under this bridge.
[    3.065987] PCI host bridge to bus 0000:00
[    3.080397] pci_bus 0000:00: root bus resource [io  0x0000-0x0cf7 window]
[    3.082816] pci_bus 0000:00: root bus resource [io  0x0d00-0xffff window]
[    3.085346] pci_bus 0000:00: root bus resource [mem 0x000a0000-0x000bffff window]
[    3.094871] pci_bus 0000:00: root bus resource [mem 0x40000000-0xfdffffff window]
[    3.111726] pci_bus 0000:00: root bus resource [bus 00-ff]
[    3.185383] pci 0000:00:01.1: legacy IDE quirk: reg 0x10: [io  0x01f0-0x01f7]
[    3.223843] pci 0000:00:01.1: legacy IDE quirk: reg 0x14: [io  0x03f6]
[    3.302185] pci 0000:00:01.1: legacy IDE quirk: reg 0x18: [io  0x0170-0x0177]
[    3.338945] pci 0000:00:01.1: legacy IDE quirk: reg 0x1c: [io  0x0376]
[    3.436457] pci 0000:00:07.0: quirk: [io  0x4000-0x403f] claimed by PIIX4 ACPI
[    3.490469] pci 0000:00:07.0: quirk: [io  0x4100-0x410f] claimed by PIIX4 SMB
[    3.532652] ACPI: PCI Interrupt Link [LNKA] (IRQs 5 9 10 *11)
[    3.609663] ACPI: PCI Interrupt Link [LNKB] (IRQs 5 9 *10 11)
[    3.638802] ACPI: PCI Interrupt Link [LNKC] (IRQs 5 *9 10 11)
[    3.648475] ACPI: PCI Interrupt Link [LNKD] (IRQs 5 9 10 *11)
[    3.651481] ACPI: Enabled 2 GPEs in block 00 to 07
[    3.654359] vgaarb: setting as boot device: PCI:0000:00:02.0
[    3.674546] vgaarb: device added: PCI:0000:00:02.0,decodes=io+mem,owns=io+mem,locks=none
[    3.678334] vgaarb: loaded
[    3.679741] vgaarb: bridge control possible 0000:00:02.0
[    3.683458] SCSI subsystem initialized
[    3.685251] ACPI: bus type USB registered
[    3.687621] usbcore: registered new interface driver usbfs
[    3.698098] usbcore: registered new interface driver hub
[    3.700873] usbcore: registered new device driver usb
[    3.729005] PCI: Using ACPI for IRQ routing
[    3.731603] NetLabel: Initializing
[    3.733102] NetLabel:  domain hash size = 128
[    3.734865] NetLabel:  protocols = UNLABELED CIPSOv4
[    3.740288] NetLabel:  unlabeled traffic allowed by default
[    3.743404] amd_nb: Cannot enumerate AMD northbridges
[    3.745333] clocksource: Switched to clocksource kvm-clock
[    3.772430] Aprmor: AppArmor Filesystem Enabled
[    3.8547]np PnP ACPI init
[  4.092647] pnp: PnP ACPI: found 3 devices

[    4.175985] clocksource: acpi_pm: mask: 0xffffff max_cycles: 0xffffff, max_idle_ns: 2085701024 ns
[   1759NE Risreproc fmily 2

[    4.916920] TCP established hash table entries: 8192 (order: 4, 65536 bytes)
[    4.919249] TCP bind hash table entries: 8192 (order: 5, 131072 bytes)
[    4.921715] TCP: Hash tables configured (established 8192 bind 8192)
[    4.923951] UDP hash table entries: 512 (order: 2, 16384 bytes)
[    4.925901] UDP-Lite hash table entries: 512 (order: 2, 16384 bytes)
[    4.928955] NET: Registered protocol family 1
[    4.930798] pci 0000:00:00.0: Limiting direct PCI/PCI transfers
[    4.933430] pci 0000:00:01.0: Activating ISA DMA hang workarounds
[    4.935677] Unpacking initramfs...
[    5.389410] Freeing initrd memory: 14828K
[    5.391228] clocksource: tsc: mask: 0xffffffffffffffff max_cycles: 0x2717868ea45, max_idle_ns: 440795316085 ns
[    5.394965] platform rtc_cmos: registered platform RTC device (no PNP device found)
[    5.397794] Scanning for low memory corruption every 60 seconds
[    5.401205] audit: initializing netlink subsys (disabled)
[    5.403224] audit: type=2000 audit(1576672455.378:1): initialized
[    5.405030] Initialise system trusted keyring
[    5.445488] HugeTLB registered 2 MB page size, pre-allocated 0 pages
[    5.451695] zbud: loaded
[    5.460152] VFS: Disk quotas dquot_6.6.0
[    5.488016] VFS: Dquot-cache hash table entries: 512 (order 0, 4096 bytes)
[    5.515399] squashfs: version 4.0 (2009/01/31) Phillip Lougher
[    5.541278] fuse init (API version 7.23)
[    5.556441] Key type big_key registered
[    5.609049] Allocating IMA MOK and blacklist keyrings.
[    5.615049] Key type asymmetric registered
[    5.617156] Asymmetric key parser 'x509' registered
[    5.619303] Block layer SCSI generic (bsg) driver version 0.4 loaded (major 249)
[    5.622892] io scheduler noop registered
[    5.624882] io scheduler deadline registered (default)
[    5.626981] io scheduler cfq registered
[    5.628639] pci_hotplug: PCI Hot Plug PCI Core version: 0.5
[    5.630847] pciehp: PCI Express Hot Plug Controller Driver version: 0.4
[    5.639828] ACPI: AC Adapter [AC] (off-line)
[    5.641654] input: Power Button as /devices/LNXSYSTM:00/LNXPWRBN:00/input/input0
[    5.644579] ACPI: Power Button [PWRF]
[    5.646188] input: Sleep Button as /devices/LNXSYSTM:00/LNXSLPBN:00/input/input1
[    5.649963] ACPI: Sleep Button [SLPF]
[    5.653294] ACPI: Battery Slot [BAT0] (battery present)
[    5.655488] GHES: HEST is not enabled!
[    5.663999] Serial: 8250/16550 driver, 32 ports, IRQ sharing enabled
[  598603] 00:02: tySat/O0x3 (irq =  base_baud = 115200) is a 16550A

[    6.273859] Linux agpgart interface v0.103
[    6.285488] loop: module loaded
[    6.288262] scsi host0: ata_piix
[    6.290855] scsi host1: ata_piix
[    6.292893] ata1: PATA max UDMA/33 cmd 0x1f0 ctl 0x3f6 bmdma 0xd000 irq 14
[    6.295508] ata2: PATA max UDMA/33 cmd 0x170 ctl 0x376 bmdma 0xd008 irq 15
[    6.299086] libphy: Fixed MDIO Bus: probed
[    6.301094] tun: Universal TUN/TAP device driver, 1.6
[    6.311697] tun: (C) 1999-2004 Max Krasnyansky <maxk@qualcomm.com>
[    6.314418] PPP generic driver version 2.4.2
[    6.316690] ehci_hcd: USB 2.0 'Enhanced' Host Controller (EHCI) Driver
[    6.319442] ehci-pci: EHCI PCI platform driver
[    6.321452] ehci-platform: EHCI generic platform driver
[    6.323693] ohci_hcd: USB 1.1 'Open' Host Controller (OHCI) Driver
[    6.325953] ohci-pci: OHCI PCI platform driver
[    6.328055] ohci-platform: OHCI generic platform driver
[    6.330212] uhci_hcd: USB Universal Host Controller Interface driver
[    6.333078] i8042: PNP: PS/2 Controller [PNP0303:PS2K,PNP0f03:PS2M] at 0x60,0x64 irq 1,12
[    6.337586] serio: i8042 KBD port at 0x60,0x64 irq 1
[    6.339673] serio: i8042 AUX port at 0x60,0x64 irq 12
[    6.341595] mousedev: PS/2 mouse device common for all mice
[    6.344413] input: AT Translated Set 2 keyboard as /devices/platform/i8042/serio0/input/input2
[    6.361178] rtc_cmos rtc_cmos: rtc core: registered rtc_cmos as rtc0
[    6.365641] rtc_cmos rtc_cmos: alarms up to one day, 114 bytes nvram
[    6.368319] i2c /dev entries driver
[    6.370585] device-mapper: uevent: version 1.0.3
[    6.379151] device-mapper: ioctl: 4.34.0-ioctl (2015-10-28) initialised: dm-devel@redhat.com
[    6.382649] ledtrig-cpu: registered to indicate activity on CPUs
[    6.385496] NET: Registered protocol family 10
[    6.387810] NET: Registered protocol family 17
[    6.389580] Key type dns_resolver registered
[    6.391916] registered taskstats version 1
[    6.393648] Loading compiled-in X.509 certificates
[    6.396151] Loaded X.509 cert 'Build time autogenerated kernel key: f0e56e97f406068ace47a9bf54316e9855aaaa43'
[    6.400007] zswap: loaded using pool lzo/zbud
[    6.403660] Key type trusted registered
[    6.409686] Key type encrypted registered
[    6.411756] AppArmor: AppArmor sha1 policy hashing enabled
[    6.413172] ima: No TPM chip found, activating TPM-bypass!
[    6.414680] ima: Allocated hash algorithm: sha1
[    6.415879] evm: HMAC attrs: 0x1
[    6.417408]   Magic number: 15:690:582
[    6.418694] rtc_cmos rtc_cmos: setting system clock to 2019-12-18 12:34:14 UTC (1576672454)
[    6.421153] BIOS EDD facility v0.16 2004-Jun-25, 0 devices found
[    6.422742] EDD information not available.
[    6.456244] Freeing unused kernel memory: 1488K
[    6.464303] Write protecting the kernel read-only data: 14336k
[    6.467013] Freeing unused kernel memory: 1604K
[    7.072934] Freeing unused kernel memory: 60K
Loading, please wait...
starting version 229
[    7.414976] random: systemd-udevd: uninitialized urandom read (16 bytes read, 7 bits of entropy available)
[    7.416112] random: udevadm: uninitialized urandom read (16 bytes read, 7 bits of entropy available)
[    7.416166] random: udevadm: uninitialized urandom read (16 bytes read, 7 bits of entropy available)
[    7.431389] random: udevadm: uninitialized urandom read (16 bytes read, 7 bits of entropy available)
[    7.431449] random: udevadm: uninitialized urandom read (16 bytes read, 7 bits of entropy available)
[    7.431657] random: udevadm: uninitialized urandom read (16 bytes read, 7 bits of entropy available)
[    7.431732] random: udevadm: uninitialized urandom read (16 bytes read, 7 bits of entropy available)
[    7.431806] random: udevadm: uninitialized urandom read (16 bytes read, 7 bits of entropy available)
[    7.431920] random: udevadm: uninitialized urandom read (16 bytes read, 7 bits of entropy available)
[    7.432000] random: udevadm: uninitialized urandom read (16 bytes read, 7 bits of entropy available)
[    7.563995] Fusion MPT base driver 3.04.20
[    7.566218] Copyright (c) 1999-2008 LSI Corporation
[    7.568382] e1000: Intel(R) PRO/1000 Network Driver - version 7.3.21-k8-NAPI
[    7.571170] e1000: Copyright (c) 1999-2006 Intel Corporation.
[    7.592956] Fusion MPT SPI Host driver 3.04.20
[    7.618552] AVX2 version of gcm_enc/dec engaged.
[    7.620694] AES CTR mode by8 optimization enabled
[    7.785271] input: ImExPS/2 Generic Explorer Mouse as /devices/platform/i8042/serio1/input/input4
[    8.061199] e1000 0000:00:03.0 eth0: (PCI:33MHz:32-bit) 02:dd:45:a7:5d:a0
[    8.099343] e1000 0000:00:03.0 eth0: Intel(R) PRO/1000 Network Connection
[    8.117195] mptbase: ioc0: Initiating bringup
[    8.119806] e1000 0000:00:03.0 enp0s3: renamed from eth0
[    8.382027] ioc0: LSI53C1030 A0: Capabilities={Initiator}
[    9.777967] scsi host2: ioc0: LSI53C1030 A0, FwRev=00000000h, Ports=1, MaxQ=256, IRQ=20
[   10.692091] scsi 2:0:0:0: Direct-Access     VBOX     HARDDISK         1.0  PQ: 0 ANSI: 5
[   10.710347] scsi target2:0:0: Beginning Domain Validation
[   10.723795] scsi target2:0:0: Domain Validation skipping write tests
[   10.732132] scsi target2:0:0: Ending Domain Validation
[   10.744136] scsi target2:0:0: asynchronous
[   10.752386] scsi 2:0:1:0: Direct-Access     VBOX     HARDDISK         1.0  PQ: 0 ANSI: 5
[   11.100659] scsi target2:0:1: Beginning Domain Validation
[   11.104365] scsi target2:0:1: Domain Validation skipping write tests
[   11.107655] scsi target2:0:1: Ending Domain Validation
[   11.109640] scsi target2:0:1: asynchronous
[   11.153883] sd 2:0:0:0: Attached scsi generic sg0 type 0
[   11.162037] sd 2:0:0:0: [sda] 20971520 512-byte logical blocks: (10.7 GB/10.0 GiB)
[   11.166368] sd 2:0:1:0: [sdb] 20480 512-byte logical blocks: (10.5 MB/10.0 MiB)
[   11.169873] sd 2:0:0:0: [sda] Write Protect is off
[   11.170379] sd 2:0:1:0: [sdb] Write Protect is off
[   11.170508] sd 2:0:1:0: [sdb] Incomplete mode parameter data
[   11.170509] sd 2:0:1:0: [sdb] Assuming drive cache: write through
[   11.188411] sd 2:0:1:0: Attached scsi generic sg1 type 0
[   11.190701] sd 2:0:0:0: [sda] Incomplete mode parameter data
[   11.193046] sd 2:0:0:0: [sda] Assuming drive cache: write through
[   11.196656] sd 2:0:1:0: [sdb] Attached SCSI disk
[   11.205499]  sda: sda1
[   11.207958] sd 2:0:0:0: [sda] Attached SCSI disk
Begin: Loading e[   13.122197] md: linear personality registered for level -1
ssential drivers ... [   13.132084] md: multipath personality registered for level -4
[   13.179424] md: raid0 personality registered for level 0
[   13.189208] md: raid1 personality registered for level 1
[   13.289426] raid6: sse2x1   gen()  6749 MB/s
[   13.357374] raid6: sse2x1   xor()  5489 MB/s
[   13.450108] raid6: sse2x2   gen()  8205 MB/s
[   13.557498] raid6: sse2x2   xor()  4606 MB/s
[   13.633683] raid6: sse2x4   gen()  6235 MB/s
[   13.701513] raid6: sse2x4   xor()  4877 MB/s
[   13.769900] raid6: avx2x1   gen()  9771 MB/s
[   13.837818] raid6: avx2x2   gen() 13083 MB/s
[   13.905386] raid6: avx2x4   gen() 16569 MB/s
[   13.948900] raid6: using algorithm avx2x4 gen() 16569 MB/s
[   13.975564] raid6: using avx2x2 recovery algorithm
[   14.046104] xor: automatically using best checksumming function:
[   14.093776]    avx       : 14166.000 MB/sec
[   14.142691] async_tx: api initialized (async)
[   14.172036] md: raid6 personality registered for level 6
[   14.177906] md: raid5 personality registered for level 5
[   14.193909] md: raid4 personality registered for level 4
[   14.208890] md: raid10 personality registered for level 10
done.
Begin: Running /scripts/init-premount ... done.
Begin: Mounting root file system ... Begin: Running /scripts/local-top ... done.
Begin: Running /scripts/local-premount ... [   14.295546] Btrfs loaded
Scanning for Btrfs filesystems
done.
Warning: fsck not present, so skipping root file system
[   14.401724] EXT4-fs (sda1): mounted filesystem with ordered data mode. Opts: (null)
done.
Begin: Running /scripts/local-bottom ... done.
Begin: Running /scripts/init-bottom ... done.
[   14.650740] systemd[1]: systemd 229 running in system mode. (+PAM +AUDIT +SELINUX +IMA +APPARMOR +SMACK +SYSVINIT +UTMP +LIBCRYPTSETUP +GCRYPT +GNUTLS +ACL +XZ -LZ4 +SECCOMP +BLKID +ELFUTILS +KMOD -IDN)
[   14.730976] systemd[1]: Detected virtualization oracle.
[   14.753180] systemd[1]: Detected architecture x86-64.

Welcome to [1mUbuntu 16.04.6 LTS[0m!

[   14.783322] systemd[1]: Set hostname to <ubuntu>.
[   14.799181] systemd[1]: Initializing machine ID from random generator.
[   14.805102] systemd[1]: Installed transient /etc/machine-id file.
[   15.028135] systemd[1]: Listening on udev Control Socket.
[[0;32m  OK  [0m] Listening on udev Control Socket.
[   15.075488] systemd[1]: Created slice System Slice.
[[0;32m  OK  [0m] Created slice System Slice.
[   15.114878] systemd[1]: Listening on Journal Audit Socket.
[[0;32m  OK  [0m] Listening on Journal Audit Socket.
[   15.174688] systemd[1]: Reached target System Time Synchronized.
[[0;32m  OK  [0m] Reached target System Time Synchronized.
[   15.223697] systemd[1]: Created slice system-serial\x2dgetty.slice.
[[0;32m  OK  [0m] Created slice system-serial\x2dgetty.slice.
[   15.278164] systemd[1]: Listening on LVM2 metadata daemon socket.
[[0;32m  OK  [0m] Listening on LVM2 metadata daemon socket.
[   15.310577] systemd[1]: Reached target Encrypted Volumes.
[[0;32m  OK  [0m] Reached target Encrypted Volumes.
[   15.350354] systemd[1]: Listening on /dev/initctl Compatibility Named Pipe.
[[0;32m  OK  [0m] Listening on /dev/initctl Compatibility Named Pipe.
[   15.387425] systemd[1]: Started Trigger resolvconf update for networkd DNS.
[[0;32m  OK  [0m] Started Trigger resolvconf update for networkd DNS.
[   15.426025] systemd[1]: Listening on Device-mapper event daemon FIFOs.
[[0;32m  OK  [0m] Listening on Device-mapper event daemon FIFOs.
[   15.458751] systemd[1]: Created slice User and Session Slice.
[[0;32m  OK  [0m] Created slice User and Session Slice.
[   15.542409] systemd[1]: Reached target User and Group Name Lookups.
[[0;32m  OK  [0m] Reached target User and Group Name Lookups.
[   15.582804] systemd[1]: Started Forward Password Requests to Wall Directory Watch.
[[0;32m  OK  [0m] Started Forward Password Requests to Wall Directory Watch.
[   15.610947] systemd[1]: Listening on Journal Socket (/dev/log).
[[0;32m  OK  [0m] Listening on Journal Socket (/dev/log).
[   15.628121] systemd[1]: Listening on udev Kernel Socket.
[[0;32m  OK  [0m] Listening on udev Kernel Socket.
[   15.645937] systemd[1]: Set up automount Arbitrary Executable File Formats File System Automount Point.
[[0;32m  OK  [0m] Set up automount Arbitrary Executab...ats File System Automount Point.
[   15.673386] systemd[1]: Reached target Swap.
[[0;32m  OK  [0m] Reached target Swap.
[   15.683394] systemd[1]: Reached target Slices.
[[0;32m  OK  [0m] Reached target Slices.
[   15.697917] systemd[1]: Listening on Journal Socket.
[[0;32m  OK  [0m] Listening on Journal Socket.
[   15.730133] systemd[1]: Mounting POSIX Message Queue File System...
         Mounting POSIX Message Queue File System...
[   15.746819] systemd[1]: Starting Set console keymap...
         Starting Set console keymap...
[   15.755975] systemd[1]: Starting Nameserver information manager...
         Starting Nameserver information manager...
[   15.765606] random: nonblocking pool is initialized
[   15.777726] systemd[1]: Starting Create list of required static device nodes for the current kernel...
         Starting Create list of required st... nodes for the current kernel...
[   15.791819] systemd[1]: Starting Remount Root and Kernel File Systems...
         Starting Remount Root and Kernel File Systems...
[   15.803537] systemd[1]: Mounting Debug File System...
         Mounting Debug File System...
[   15.811135] EXT4-fs (sda1): re-mounted. Opts: (null)
[   15.816896] systemd[1]: Starting Load Kernel Modules...
         Starting Load Kernel Modules...
[   15.821847] systemd[1]: Mounting Huge Pages File System...
         Mounting Huge Pages File System...
[   15.831821] Loading iSCSI transport class v2.0-870.
[   15.834570] systemd[1]: Starting Uncomplicated firewall...
         Starting Uncomplicated firewall...
[   15.839528] systemd[1]: Listening on Syslog Socket.
[[0;32m  OK  [[   15.845191] iscsi: registered transport (tcp)
0m] Listening on Syslog Socket.
[   15.850093] systemd[1]: Starting Journal Service...
         Starting Journal Service...
[   15.855933] systemd[1]: Listening on LVM2 poll daemon socket.
[[0;32m  OK  [0m] Listening on LVM2 poll daemon socket.
[   15.866551] systemd[1]: Starting Monitoring of LVM2 mirrors, snapshots etc. using dmeventd or progress polling...
         Starting Monitoring of LVM2 mirrors... dmeventd or progress polling...
[   15.904184] systemd[1]: Mounted POSIX Message Queue File System.
[[0;32m  OK  [0m] Mounted POSIX Message Queue File System.
[   15.922185] systemd[1]: Mounted Debug File System.
[[0;32m  OK  [0m] Mounted Debug File System.
[   15.935111] systemd[1]: Mounted Huge Pages File System.
[[0;32m  OK  [0m] Mounted Huge Pages File System.
[   15.942248] systemd[1]: Started Journal Service.
[[0;32m  OK  [0m] Started Journal Service.
[   15.954598] iscsi: registered transport (iser)
[[0;32m  OK  [0m] Started Set console keymap.
[[0;32m  OK  [0m] Started Create list of required sta...ce nodes for the current kernel.
[[0;32m  OK  [0m] Started Remount Root and Kernel File Systems.
[[0;32m  OK  [0m] Started Load Kernel Modules.
[[0;32m  OK  [0m] Started Uncomplicated firewall.
[[0;32m  OK  [0m] Started Nameserver information manager.
[[0;32m  OK  [0m] Started LVM2 metadata daemon.
         Mounting FUSE Control File System...
         Starting Apply Kernel Variables...
         Starting Load/Save Random Seed...
         Starting udev Coldplug all Devices...
         Starting Create Static Device Nodes in /dev...
         Starting Flush Journal to Persistent Storage...
[[0;32m  OK  [0m] Mounted FUSE Control File System.
[[0;32m  OK  [0m] Started Monitoring of LVM2 mirrors,...ng dmeventd or progress polling.
[[0;32m  OK  [0m] Started Apply Kernel Variables.
[[0;32m  OK  [0m] Started Load/Save Random Seed.
[[0;32m  OK  [0m] Started Create Static Device Nodes in /dev.
         Starting udev Kernel Device Manager...
[[0;32m  OK  [0m] Reached target Local File Systems (Pre).
[[0;32m  OK  [0m] Reached target Local File Systems.
         Starting Set console font and keymap...
         Starting Commit a transient machine-id on disk...
         Starting Initial cloud-init job (pre-networking)...
         Starting LSB: AppArmor initialization...
         Starting Tell Plymouth To Write Out Runtime Data...
[[0;32m  OK  [0m] Started udev Kernel Device Manager.
[[0;32m  OK  [0m] Started Flush Journal to Persistent Storage.
[[0;32m  OK  [0m] Started udev Coldplug all Devices.
[[0;32m  OK  [0m] Started Commit a transient machine-id on disk.
[[0;32m  OK  [0m] Started Tell Plymouth To Write Out Runtime Data.
         Starting Create Volatile Files and Directories...
[[0;32m  OK  [0m] Started Dispatch Password Requests to Console Directory Watch.
[[0;32m  OK  [0m] Started Create Volatile Files and Directories.
         Starting Update UTMP about System Boot/Shutdown...
[[0;32m  OK  [0m] Started Update UTMP about System Boot/Shutdown.
[[0;32m  OK  [0m] Found device /dev/ttyS0.
[[0;32m  OK  [0m] Listening on Load/Save RF Kill Switch Status /dev/rfkill Watch.
[   15.913880] cloud-init[489]: Cloud-init v. 19.2-36-g059d049c-0ubuntu2~16.04.1 running 'init-local' at Wed, 18 Dec 2019 12:34:26 +0000. Up 14.95 seconds.
[[0;32m  OK  [0m] Started Initial cloud-init job (pre-networking).
[[0;32m  OK  [0m] Reached target Network (Pre).
[[0;32m  OK  [0m] Started Set console font and keymap.
[[0;32m  OK  [0m] Created slice system-getty.slice.
[[0;32m  OK  [0m] Started LSB: AppArmor initialization.
         Starting Raise network interfaces...
[[0;32m  OK  [0m] Started Raise network interfaces.
         Starting Initial cloud-init job (metadata service crawler)...
[[0;32m  OK  [0m] Reached target Network.
[   19.884369] cloud-init[945]: Cloud-init v. 19.2-36-g059d049c-0ubuntu2~16.04.1 running 'init' at Wed, 18 Dec 2019 12:34:29 +0000. Up 18.80 seconds.
[[0;32m  OK  [0m] Started Initial cloud-init job (metadata service crawler).
[   20.052013] [[0;32m  OK  [0m] Reached target Network is Online.
cloud-init[945]: ci-info: ++++++++++++++++++++++++++++++++++++++Net device info++++++++++++++++++++++++++++++++++++++
[   20.136767] cloud-init[945]: ci-info: +--------+------+----------------------------+---------------+--------+-------------------+
         Starting iSCSI initiator daemon (iscsid)...
[[0;32m  OK  [0m] Reached target Cloud-config availability.
[   20.199706] cloud-init[945]: ci-info: | Device |  Up  |          Address           |      Mask     | Scope  |     Hw-Address    |
[   20.304928] cloud-init[945]: ci-info: +--------+------+----------------------------+---------------+--------+-------------------+
[   20.305339] cloud-init[945]: ci-info: | enp0s3 | True |         10.0.2.15          | 255.255.255.0 | global | 02:dd:45:a7:5d:a0 |
[[0;32m  OK  [0m] Reached target System Initialization.
[[0;32m  OK  [0m] Started Daily apt download activities.
[   20.307535] cloud-init[945]: ci-info: | enp0s3 | True | fe80::dd:45ff:fea7:5da0/64 |       .       |  link  | 02:dd:45:a7:5d:a0 |
[   20.314084] cloud-init[945]: ci-info: |   lo   | True |         127.0.0.1          |   255.0.0.0   |  host  |         .         |
[[0;32m  OK  [0m] Started Daily apt upgrade and clean activities.
[   20.317278] cloud-init[945]: ci-info: |   lo   | True |          ::1/128           |       .       |  host  |         .         |
[   20.509394] cloud-init[945]: ci-info: +--------+------+----------------------------+---------------+--------+-------------------+
         Starting LXD - unix socket.
[   20.583923]          Starting Socket activation for snappy daemon.
[[0;32m  OK  [0m] Listening on D-Bus System Message Bus Socket.
[[0;32m  OK  [0m] Listening on ACPID Listen Socket.
[[0;32m  OK  [0m] Listening on UUID daemon activation socket.
[[0;32m  OK  [0m] Started Daily Cleanup of Temporary Directories.
cloud-init[945]: ci-info: +++++++++++++++++++++++++++Route IPv4 info++++++++++++++++++++++++++++[[0;32m  OK  [0m] Started ACPI Events Check.
[[0;32m  OK  [0m] Reached target Paths.
[[0;32m  OK  [0m] Started Message of the Day.
[[0;32m  OK  [0m] Reached target Timers.

[   20.599855] cloud-init[945]: ci-info: +-------+-------------+----------+---------------+-----------+-------+
[   20.607151] cloud-init[945]: [[0;32m  OK  [0m] Listening on LXD - unix socket.
[[0;32m  OK  [0m] Listening on Socket activation for snappy daemon.
[[0;32m  OK  [0m] Reached target Sockets.
[[0;32m  OK  [0m] Reached target Basic System.
ci-info: | Route | Destination | Gateway  |    Genmask    | Interface | Flags |
[   20.628388] [[0;32m  OK  [0m] Started ACPI event daemon.
[[0;32m  OK  [0m] Started FUSE filesystem for LXC.
         Starting /etc/rc.local Compatibility...
[[0;32m  OK  [0m] Started D-Bus System Message Bus.
cloud-init[945]: ci-info: +-------+-------------+----------+---------------+-----------+-------+
[   20.641865] cloud-init[945]: ci-info: |   0   |   0.0.0.0   | 10.0.2.2 |    0.0.0.0    |   enp0s3  |   UG  |
[   20.647389] cloud-init[945]: ci-info: |   1   |   10.0.2.0  | 0.0.0.0  | 255.255.255.0 |   enp0s3  |   U   |
         Starting System Logging Service...
         Starting Login Service...
[   20.688687] cloud-init[945]: ci-info: +-------+-------------+----------+---------------+-----------+-------+
         Starting Snappy daemon...
[   20.773480] cloud-init[945]: ci-info: +++++++++++++++++++Route IPv6 info+++++++++++++++++++
[   20.805559]          Starting LSB: Record successful boot for GRUB...
         Starting Virtualbox guest utils...
[[0;32m  OK  [0m] Started Deferred execution scheduler.
         Starting Accounts Service...
         Starting Pollinate to seed the pseudo random number generator...
cloud-init[945]: ci-info: +-------+-------------+---------+-----------+-------+
[   20.927805] [[0;32m  OK  [0m] Started Regular background program processing daemon.
cloud-init[945]: ci-info: | Route | Destination | Gateway | Interface | Flags |
[   20.950922]          Starting LSB: MD monitoring daemon...
         Starting LXD - container startup/shutdown...
cloud-init[945]: [[0;32m  OK  [0m] Started System Logging Service.
[[0;32m  OK  [0m] Started iSCSI initiator daemon (iscsid).
[[0;32m  OK  [0m] Started /etc/rc.local Compatibility.
ci-info: +-------+-------------+---------+-----------+-------+
[   20.971198] [[0;32m  OK  [0m] Started Login Service.
cloud-init[945]: ci-info: |   0   |  fe80::/64  |    ::   |   enp0s3  |   U   |
[   20.994503] [[0;32m  OK  [0m] Started Unattended Upgrades Shutdown.
         Starting Authenticate and Authorize Users to Run Privileged Tasks...
         Starting Login to default iSCSI targets...
cloud-init[945]: ci-info: |   3   |   ff00::/8  |    ::   |   enp0s3  |   U   |
[   21.077486] [cloud-init[0;32m  OK  [0m[945]: ] ci-info: +-------+-------------+---------+-----------+-------+Started LSB: Record successful boot for GRUB.

[   21.079047] cloud-init[945]: Generating public/private rsa key pair.[[0;32m  OK  [0m] Started Authenticate and Authorize Users to Run Privileged Tasks.

[[0;32m  OK  [0m] Started Accounts Service.
[   21.110873] cloud-init[945]: Your identification has been saved in /etc/ssh/ssh_host_rsa_key.
[   21.127343] cloud-init[945]: Your public key has been saved in /etc/ssh/ssh_host_rsa_key.pub.
[   21.160873] [[0;32m  OK  [0m] Started LSB: MD monitoring daemon.
cloud-init[945]: The key fingerprint is:
[   21.183655] [[0;32m  OK  [0m] Started Login to default iSCSI targets.
[[0;32m  OK  [0m] Reached target Remote File Systems (Pre).
cloud-init[945]: SHA256:3rkTqWYv9MdT2j0FZhn6XqQIvnXRZo/upIw1DqlBGNs root@ubuntu-xenial
[   21.203658] [[0;32m  OK  [0m] Reached target Remote File Systems.
cloud-init[945]: The key's randomart image is:
[   21.236852]          cloud-initStarting Permit User Sessions...[945]: 
+---[RSA 2048]----+
[   21.245488]          Starting LSB: daemon to balance interrupts for SMP systems...
         Starting LSB: Set the CPU Frequency Scaling governor to "ondemand"...
         Starting LSB: automatic crash report generation...
cloud-init[945]: |                 |
[[0;32m  OK  [0m] Started Virtualbox guest utils.
[   21.256049] [[0;32m  OK  [0m] Started Permit User Sessions.
cloud-init[945]: |              .  |
[   21.289901] cloud-init[945]: |      .      . + |
[   21.301269] cloud-init[945]: |       =  . . * =|
[   21.349646]          Starting Terminate Plymouth Boot Screen...
cloud-init[945]: |      o E. o = O.|
[   21.354663] cloud-init[945]: |       o..+oo * +|
[   21.365121] cloud-init[945]: |       .oo==oB.o.|
         Starting Hold until boot process finishes up...
[   21.383234] cloud-init[945]: |        =o+B=++..|[[0;32m  OK  [0m] Started Snappy daemon.
[[0;32m  OK  [0m] Started LXD - container startup/shutdown.

[   21.434895] [[0;32m  OK  [0m] Started Terminate Plymouth Boot Screen.
cloud-init[945]: [[0;32m  OK  [0m] Started Hold until boot process finishes up.
|       o.o+o+o. .|
[   21.442865] cloud-init[945]: +----[SHA256]-----+
[   21.460475] cloud-init[945]: Generating public/private dsa key pair.
[[0;32m  OK  [0m] Started Serial Getty on ttyS0.
[   21.466258] cloud-init[945]: Your identification has been saved in /etc/ssh/ssh_host_dsa_key.
[   21.489282] cloud-init[945]: [[0;32m  OK  [0m] Started Getty on tty1.
[[0;32m  OK  [0m] Reached target Login Prompts.
         Starting Set console scheme...
         Starting Wait until snapd is fully seeded...
[[0;32m  OK  [0m] Started Pollinate to seed the pseudo random number generator.
[[0;32m  OK  [0m] Started LSB: daemon to balance interrupts for SMP systems.
[[0;32m  OK  [0m] Started LSB: Set the CPU Frequency Scaling governor to "ondemand".
Your public key has been saved in /etc/ssh/ssh_host_dsa_key.pub.
[[0;32m  OK  [0m] Started Set console scheme.
[   21.570398] cloud-init[945]: The key fingerprint is:
[   21.575574] cloud-init[945]: SHA256:BShxp2jGIldca1CjghMpuGiIEjgI52B+ZckKyWoSiDQ root@ubuntu-xenial
         Starting OpenBSD Secure Shell server...
[[0;32m  OK  [0m] Started LSB: automatic crash report generation.
[   21.599389] cloud-init[945]: The key's randomart image is:
[   21.612200] cloud-init[945]: +---[DSA 1024]----+
[   21.625969] cloud-init[945]: |&Eo.=**.o        |
[   21.629367] cloud-init[945]: |#X.o=B.= .       |
[   21.632655] cloud-init[945]: |X**.B.+   .      |
[   21.637509] cloud-init[945]: |O*.* .   .       |
[[0;32m  OK  [0m] Started OpenBSD Secure Shell server.
[   21.647774] cloud-init[945]: |=       S        |
[   21.661041] cloud-init[945]: |                 |
[   21.667688] cloud-init[945]: |                 |
[   21.669875] cloud-init[945]: |                 |
[   21.672107] cloud-init[945]: |                 |
[   21.674382] cloud-init[945]: +----[SHA256]-----+
[   21.680321] cloud-init[945]: Generating public/private ecdsa key pair.
[   21.728930] cloud-init[945]: Your identification has been saved in /etc/ssh/ssh_host_ecdsa_key.
[   21.732069] cloud-init[945]: Your public key has been saved in /etc/ssh/ssh_host_ecdsa_key.pub.
[   21.735497] cloud-init[945]: The key fingerprint is:
[   21.737855] cloud-init[945]: SHA256:Zi0fWatvoD2oKHgSAdz0OszScCL55vYrTJ2hDHn43IE root@ubuntu-xenial
[   21.787782] cloud-init[945]: The key's randomart image is:
[   21.789733] cloud-init[945]: +---[ECDSA 256]---+
[   21.791407] cloud-init[945]: |. o.             |
[   21.793432] cloud-init[945]: |.o ..            |
[   21.802274] cloud-init[945]: |+= o .      .    |
[   21.818146] cloud-init[945]: |*.E +    . o .   |
[   21.820913] cloud-init[945]: | OoX +  S + .    |
[   21.848620] cloud-init[945]: |.oB =  o o.o     |
[   21.855849] cloud-init[945]: | =o      +o.     |
[   21.858312] cloud-init[945]: |o.=. .  o o..    |
[   21.860631] cloud-init[945]: | o o+...   o.    |
[   21.863202] cloud-init[945]: +----[SHA256]-----+
[   21.865605] cloud-init[945]: Generating public/private ed25519 key pair.
[   21.868538] cloud-init[945]: Your identification has been saved in /etc/ssh/ssh_host_ed25519_key.
[   21.917124] cloud-init[945]: Your public key has been saved in /etc/ssh/ssh_host_ed25519_key.pub.
[   21.969334] cloud-init[945]: The key fingerprint is:
[   21.977246] cloud-init[945]: SHA256:DnbLkIt4UgY5OtlybGbwDtMMmSD9zgtFK+uIKGyefG8 root@ubuntu-xenial
[   22.008452] cloud-init[945]: The key's randomart image is:
[   22.011769] cloud-init[945]: +--[ED25519 256]--+
[   22.015092] cloud-init[945]: |o.               |
[   22.018441] cloud-init[945]: |oo...            |
[   22.021439] cloud-init[945]: |= +o .           |
[   22.036704] cloud-init[945]: | @.o+  .         |
[   22.039943] cloud-init[945]: |B @*o = S        |
[   22.084990] cloud-init[945]: | @o+oo B .       |
[   22.099304] cloud-init[945]: |+o+.o.. +        |
[   22.102171] cloud-init[945]: |*oo+.E           |
[   22.109014] cloud-init[945]: |++. o.           |
[   22.129898] cloud-init[945]: +----[SHA256]-----+
[[0;32m  OK  [0m] Started Wait until snapd is fully seeded.
         Starting Apply the settings specified in cloud-config...
[[0;32m  OK  [0m] Reached target Multi-User System.
[[0;32m  OK  [0m] Reached target Graphical Interface.
         Starting Update UTMP about System Runlevel Changes...
[[0;32m  OK  [0m] Started Update UTMP about System Runlevel Changes.
[   23.836105] cloud-init[1306]: Generating locales (this might take a while)...
[[0;32m  OK  [0m] Created slice User Slice of vagrant.
         Starting User Manager for UID 1000...
[[0;32m  OK  [0m] Started Session 1 of user vagrant.
[[0;32m  OK  [0m] Started User Manager for UID 1000.
[   25.765965] cloud-init[1306]:   en_US.UTF-8... done
[   25.768559] cloud-init[1306]: Generation complete.
[   26.388216] cloud-init[1306]: Cloud-init v. 19.2-36-g059d049c-0ubuntu2~16.04.1 running 'modules:config' at Wed, 18 Dec 2019 12:34:34 +0000. Up 23.53 seconds.

Ubuntu 16.04.6 LTS ubuntu-xenial ttyS0

ci-info: no authorized ssh keys fingerprints found for user ubuntu.
ubuntu-xenial login: <14>Dec 18 12:34:38 ec2: 
<14>Dec 18 12:34:38 ec2: #############################################################
<14>Dec 18 12:34:38 ec2: -----BEGIN SSH HOST KEY FINGERPRINTS-----
<14>Dec 18 12:34:38 ec2: 1024 SHA256:BShxp2jGIldca1CjghMpuGiIEjgI52B+ZckKyWoSiDQ root@ubuntu-xenial (DSA)
<14>Dec 18 12:34:38 ec2: 256 SHA256:Zi0fWatvoD2oKHgSAdz0OszScCL55vYrTJ2hDHn43IE root@ubuntu-xenial (ECDSA)
<14>Dec 18 12:34:38 ec2: 256 SHA256:DnbLkIt4UgY5OtlybGbwDtMMmSD9zgtFK+uIKGyefG8 root@ubuntu-xenial (ED25519)
<14>Dec 18 12:34:38 ec2: 2048 SHA256:3rkTqWYv9MdT2j0FZhn6XqQIvnXRZo/upIw1DqlBGNs root@ubuntu-xenial (RSA)
<14>Dec 18 12:34:38 ec2: -----END SSH HOST KEY FINGERPRINTS-----
<14>Dec 18 12:34:38 ec2: #############################################################
-----BEGIN SSH HOST KEY KEYS-----
ecdsa-sha2-nistp256 AAAAE2VjZHNhLXNoYTItbmlzdHAyNTYAAAAIbmlzdHAyNTYAAABBBEGwSEQ0WLtDkBC5O3cSjcexGtcjgHh+Et/GT6Zn3vx0WvJrUIXUKK2B1svBhcuuuvgXYOUu/g/HqyCIz2dT6Ys= root@ubuntu-xenial
ssh-ed25519 AAAAC3NzaC1lZDI1NTE5AAAAIGaHzZmV1HdMRQsTUWWkQuw7wBg0l6E+/Mndnu4CIMmQ root@ubuntu-xenial
ssh-rsa AAAAB3NzaC1yc2EAAAADAQABAAABAQC+rHDsHC3XL/itAvBA+r4YcPLw3Nx/cvFQ3Iacywyk0LI44AaiwWOiqqaTsFNcQKEPcAuX1N6j6sZ1OAE21euO6kTCA0bcAusFpcZ5y5rEvllSYOjRE+xA0HkDkQQGADenIV+Em+JhgD9JqizxFeAhU0pz0OgQGRqYTAbVPOJE1LFQlTIjRcXAzRvEIfnjsgUJ4y/bq33TrsAU8JuGxoIg+xAHzmd25Q/lbyktd/S8ytwgvr+70kGk1cTTg94huitOgdQGk0yFhuxL9WVIc9TddZxwB6Yx445snPG7UCQmeM1D4PZX5JI/hSwFjfi/Od6cTAn0TenvhvkkYrmtgAC9 root@ubuntu-xenial
-----END SSH HOST KEY KEYS-----
[   27.586949] cloud-init[1466]: Cloud-init v. 19.2-36-g059d049c-0ubuntu2~16.04.1 running 'modules:final' at Wed, 18 Dec 2019 12:34:38 +0000. Up 27.32 seconds.
[   27.587367] cloud-init[1466]: ci-info: no authorized ssh keys fingerprints found for user ubuntu.
[   27.587648] cloud-init[1466]: Cloud-init v. 19.2-36-g059d049c-0ubuntu2~16.04.1 finished at Wed, 18 Dec 2019 12:34:38 +0000. Datasource DataSourceNoCloud [seed=/dev/sdb][dsmode=net].  Up 27.57 seconds
